\BOOKMARK [0][-]{chapter.1}{\376\377\0001\000\040\133\377\226\151\116\247\124\301\170\024\123\321\116\016\215\071\163\207\123\230\133\232\166\204\174\276\173\227\150\106\147\266}{}% 1
\BOOKMARK [1][-]{section.1.1}{\376\377\0001\000.\0001\000\040\230\316\226\151\213\306\122\053\116\016\117\335\226\151\227\000\154\102\166\204\137\142\142\020}{chapter.1}% 2
\BOOKMARK [2][-]{subsection.1.1.1}{\376\377\0001\000.\0001\000.\0001\000\040\230\316\226\151\166\204\134\102\176\247\123\026\164\006\211\343}{section.1.1}% 3
\BOOKMARK [3][-]{subsubsection.1.1.1.1}{\376\377\0001\000.\0001\000.\0001\000.\0001\000\040\131\047\116\055\134\017\230\316\226\151\166\204\165\114\133\232\116\016\123\357\117\335\140\047\220\073\217\221}{subsection.1.1.1}% 4
\BOOKMARK [3][-]{subsubsection.1.1.1.2}{\376\377\0001\000.\0001\000.\0001\000.\0002\000\040\230\316\226\151\134\102\176\247\116\016\117\335\226\234\133\211\143\222\166\204\123\071\221\115}{subsection.1.1.1}% 5
\BOOKMARK [2][-]{subsection.1.1.2}{\376\377\0001\000.\0001\000.\0002\000\040\165\037\124\175\124\150\147\037\211\306\211\322\116\013\166\204\117\335\226\234\227\000\154\102}{section.1.1}% 6
\BOOKMARK [3][-]{subsubsection.1.1.2.1}{\376\377\0001\000.\0001\000.\0002\000.\0001\000\040\165\037\124\175\124\150\147\037\116\213\116\366\116\016\176\317\155\116\215\043\116\373}{subsection.1.1.2}% 7
\BOOKMARK [3][-]{subsubsection.1.1.2.2}{\376\377\0001\000.\0001\000.\0002\000.\0002\000\040\230\316\226\151\146\264\227\062\166\204\122\250\140\001\140\047\116\016\117\335\226\234\177\072\123\343}{subsection.1.1.2}% 8
\BOOKMARK [2][-]{subsection.1.1.3}{\376\377\0001\000.\0001\000.\0003\000\040\116\247\124\301\170\024\123\321\225\355\163\257\116\016\133\242\142\067\154\237\220\032\135\114\121\145}{section.1.1}% 9
\BOOKMARK [3][-]{subsubsection.1.1.3.1}{\376\377\0001\000.\0001\000.\0003\000.\0001\000\040\227\000\154\102\214\003\170\024\116\016\120\117\131\175\155\113\213\325}{subsection.1.1.3}% 10
\BOOKMARK [3][-]{subsubsection.1.1.3.2}{\376\377\0001\000.\0001\000.\0003\000.\0002\000\040\116\247\124\301\121\150\165\037\124\175\124\150\147\037\173\241\164\006\225\355\163\257}{subsection.1.1.3}% 11
\BOOKMARK [1][-]{section.1.2}{\376\377\0001\000.\0002\000\040\133\242\142\067\165\073\120\317\116\016\215\055\116\160\210\114\116\072\122\006\147\220}{chapter.1}% 12
\BOOKMARK [2][-]{subsection.1.2.1}{\376\377\0001\000.\0002\000.\0001\000\040\133\242\142\067\165\073\120\317\145\271\154\325\116\016\176\306\122\006\177\244\117\123}{section.1.2}% 13
\BOOKMARK [3][-]{subsubsection.1.2.1.1}{\376\377\0001\000.\0002\000.\0001\000.\0001\000\040\165\073\120\317\176\364\136\246\116\016\176\323\147\204\123\026\143\317\217\360}{subsection.1.2.1}% 14
\BOOKMARK [3][-]{subsubsection.1.2.1.2}{\376\377\0001\000.\0002\000.\0001\000.\0002\000\040\121\170\127\213\155\210\215\071\116\272\177\244\116\016\227\000\154\102\135\356\137\002}{subsection.1.2.1}% 15
\BOOKMARK [2][-]{subsection.1.2.2}{\376\377\0001\000.\0002\000.\0002\000\040\117\335\226\151\127\050\215\042\133\314\221\115\177\156\116\055\166\204\166\370\133\371\127\060\117\115}{section.1.2}% 16
\BOOKMARK [2][-]{subsection.1.2.3}{\376\377\0001\000.\0002\000.\0003\000\040\215\055\116\160\145\366\160\271\116\016\121\263\173\126\211\346\123\321\147\072\122\066}{section.1.2}% 17
\BOOKMARK [2][-]{subsection.1.2.4}{\376\377\0001\000.\0002\000.\0004\000\040\230\204\173\227\176\246\147\137\116\016\117\335\226\234\230\235\136\246}{section.1.2}% 18
\BOOKMARK [2][-]{subsection.1.2.5}{\376\377\0001\000.\0002\000.\0005\000\040\133\266\136\255\117\335\226\234\117\123\174\373\166\204\122\006\134\102\147\204\136\372}{section.1.2}% 19
\BOOKMARK [1][-]{section.1.3}{\376\377\0001\000.\0003\000\040\133\377\226\151\116\247\124\301\117\123\174\373\116\016\122\006\174\173\150\106\147\266}{chapter.1}% 20
\BOOKMARK [2][-]{subsection.1.3.1}{\376\377\0001\000.\0003\000.\0001\000\040\143\011\117\335\226\151\215\043\116\373\174\173\127\213\122\022\122\006}{section.1.3}% 21
\BOOKMARK [3][-]{subsubsection.1.3.1.1}{\376\377\0001\000.\0003\000.\0001\000.\0001\000\040\133\377\226\151\120\145\136\267\226\151\141\017\131\026\226\151\166\204\133\232\116\111\116\016\217\271\165\114}{subsection.1.3.1}% 22
\BOOKMARK [3][-]{subsubsection.1.3.1.2}{\376\377\0001\000.\0003\000.\0001\000.\0002\000\040\210\114\116\032\176\323\147\204\116\016\117\233\176\331\117\247\162\171\137\201}{subsection.1.3.1}% 23
\BOOKMARK [2][-]{subsection.1.3.2}{\376\377\0001\000.\0003\000.\0002\000\040\143\011\116\247\124\301\213\276\213\241\174\173\127\213\122\022\122\006}{section.1.3}% 24
\BOOKMARK [3][-]{subsubsection.1.3.2.1}{\376\377\0001\000.\0003\000.\0002\000.\0001\000\040\146\156\220\032\127\213\116\247\124\301}{subsection.1.3.2}% 25
\BOOKMARK [3][-]{subsubsection.1.3.2.2}{\376\377\0001\000.\0003\000.\0002\000.\0002\000\040\122\006\176\242\127\213\116\247\124\301}{subsection.1.3.2}% 26
\BOOKMARK [3][-]{subsubsection.1.3.2.3}{\376\377\0001\000.\0003\000.\0002\000.\0003\000\040\116\007\200\375\127\213\116\247\124\301}{subsection.1.3.2}% 27
\BOOKMARK [3][-]{subsubsection.1.3.2.4}{\376\377\0001\000.\0003\000.\0002\000.\0004\000\040\142\225\215\104\217\336\176\323\127\213\116\247\124\301}{subsection.1.3.2}% 28
\BOOKMARK [2][-]{subsection.1.3.3}{\376\377\0001\000.\0003\000.\0003\000\040\143\011\117\335\226\151\133\371\214\141\122\022\122\006}{section.1.3}% 29
\BOOKMARK [3][-]{subsubsection.1.3.3.1}{\376\377\0001\000.\0003\000.\0003\000.\0001\000\040\116\052\116\272\117\335\226\151}{subsection.1.3.3}% 30
\BOOKMARK [3][-]{subsubsection.1.3.3.2}{\376\377\0001\000.\0003\000.\0003\000.\0002\000\040\126\342\117\123\117\335\226\151}{subsection.1.3.3}% 31
\BOOKMARK [2][-]{subsection.1.3.4}{\376\377\0001\000.\0003\000.\0004\000\040\143\011\117\335\226\151\147\037\226\120\122\022\122\006}{section.1.3}% 32
\BOOKMARK [2][-]{subsection.1.3.5}{\376\377\0001\000.\0003\000.\0005\000\040\226\151\171\315\116\016\213\276\213\241\174\173\127\213\166\204\123\071\221\115}{section.1.3}% 33
\BOOKMARK [1][-]{section.1.4}{\376\377\0001\000.\0004\000\040\215\071\163\207\123\230\133\232\166\204\174\276\173\227\127\372\170\100}{chapter.1}% 34
\BOOKMARK [2][-]{subsection.1.4.1}{\376\377\0001\000.\0004\000.\0001\000\040\215\071\163\207\166\204\176\317\155\116\124\053\116\111\116\016\174\276\173\227\136\163\210\141\121\163\174\373}{section.1.4}% 35
\BOOKMARK [3][-]{subsubsection.1.4.1.1}{\376\377\0001\000.\0004\000.\0001\000.\0001\000\040\163\260\120\074\173\111\116\367\123\237\122\031\116\016\174\276\173\227\136\163\210\141}{subsection.1.4.1}% 36
\BOOKMARK [3][-]{subsubsection.1.4.1.2}{\376\377\0001\000.\0004\000.\0001\000.\0002\000\040\121\300\117\335\215\071\116\016\153\333\117\335\215\071\166\204\176\323\147\204\122\006\211\343}{subsection.1.4.1}% 37
\BOOKMARK [2][-]{subsection.1.4.2}{\376\377\0001\000.\0004\000.\0002\000\040\174\276\173\227\116\011\211\201\175\040\150\106\147\266}{section.1.4}% 38
\BOOKMARK [3][-]{subsubsection.1.4.2.1}{\376\377\0001\000.\0004\000.\0002\000.\0001\000\040\230\204\133\232\123\321\165\037\163\207\120\107\213\276}{subsection.1.4.2}% 39
\BOOKMARK [3][-]{subsubsection.1.4.2.2}{\376\377\0001\000.\0004\000.\0002\000.\0002\000\040\230\204\133\232\122\051\163\207\120\107\213\276}{subsection.1.4.2}% 40
\BOOKMARK [3][-]{subsubsection.1.4.2.3}{\376\377\0001\000.\0004\000.\0002\000.\0003\000\040\230\204\133\232\215\071\165\050\163\207\120\107\213\276}{subsection.1.4.2}% 41
\BOOKMARK [2][-]{subsection.1.4.3}{\376\377\0001\000.\0004\000.\0003\000\040\133\232\116\367\155\101\172\013\116\016\142\245\131\007\133\236\163\260}{section.1.4}% 42
\BOOKMARK [1][-]{section.1.5}{\376\377\0001\000.\0005\000\040\133\232\116\367\173\126\165\145\116\016\136\002\127\072\123\026\133\232\116\367}{chapter.1}% 43
\BOOKMARK [2][-]{subsection.1.5.1}{\376\377\0001\000.\0005\000.\0001\000\040\116\367\150\074\154\064\136\163\166\204\121\263\133\232\126\340\175\040}{section.1.5}% 44
\BOOKMARK [3][-]{subsubsection.1.5.1.1}{\376\377\0001\000.\0005\000.\0001\000.\0001\000\040\136\002\127\072\172\336\116\211\116\016\166\321\173\241\176\246\147\137}{subsection.1.5.1}% 45
\BOOKMARK [3][-]{subsubsection.1.5.1.2}{\376\377\0001\000.\0005\000.\0001\000.\0002\000\040\121\154\123\370\173\126\165\145\116\016\116\011\145\271\122\051\166\312\136\163\210\141}{subsection.1.5.1}% 46
\BOOKMARK [2][-]{subsection.1.5.2}{\376\377\0001\000.\0005\000.\0002\000\040\116\316\116\247\124\301\122\060\116\247\124\301\122\240\147\015\122\241}{section.1.5}% 47
\BOOKMARK [1][-]{section.1.6}{\376\377\0001\000.\0006\000\040\150\110\117\213\377\032\224\233\137\072\200\114\127\337\133\232\122\066\221\315\165\276\122\240\226\104\122\240\133\232\147\037\133\377\226\151}{chapter.1}% 48
\BOOKMARK [2][-]{subsection.1.6.1}{\376\377\0001\000.\0006\000.\0001\000\040\116\247\124\301\200\314\146\157\116\016\133\242\177\244\133\232\117\115}{section.1.6}% 49
\BOOKMARK [2][-]{subsection.1.6.2}{\376\377\0001\000.\0006\000.\0002\000\040\215\043\116\373\176\323\147\204\116\016\121\163\225\056\147\141\153\076}{section.1.6}% 50
\BOOKMARK [2][-]{subsection.1.6.3}{\376\377\0001\000.\0006\000.\0003\000\040\133\232\116\367\123\302\145\160\116\016\117\335\215\071\171\072\117\213}{section.1.6}% 51
\BOOKMARK [1][-]{section.1.7}{\376\377\0001\000.\0007\000\040\147\054\172\340\134\017\176\323}{chapter.1}% 52
